{"timestamp":"2016-11-16T15:03:11.001895-0500","level":"warn","message":"loading config files from directory","directory":"/etc/sensu/conf.d"}
{"timestamp":"2016-11-16T15:03:11.001968-0500","level":"warn","message":"loading config file","file":"/etc/sensu/conf.d/api.json"}
{"timestamp":"2016-11-16T15:03:11.001993-0500","level":"warn","message":"loading config file","file":"/etc/sensu/conf.d/client.json"}
{"timestamp":"2016-11-16T15:03:11.002028-0500","level":"warn","message":"config file applied changes","file":"/etc/sensu/conf.d/client.json","changes":{"client":[null,{"name":"macosx","address":"127.0.0.1","environment":"development","subscriptions":["dev","macosx"],"socket":{"bind":"127.0.0.1","port":3030}}]}}
{"timestamp":"2016-11-16T15:03:11.002055-0500","level":"warn","message":"loading config file","file":"/etc/sensu/conf.d/redis.json"}
{"timestamp":"2016-11-16T15:03:11.002082-0500","level":"warn","message":"config file applied changes","file":"/etc/sensu/conf.d/redis.json","changes":{"redis":[null,{"host":"127.0.0.1","port":6379}]}}
{"timestamp":"2016-11-16T15:03:11.002105-0500","level":"warn","message":"loading config file","file":"/etc/sensu/conf.d/transport.json"}
{"timestamp":"2016-11-16T15:03:11.002149-0500","level":"warn","message":"config file applied changes","file":"/etc/sensu/conf.d/transport.json","changes":{"transport":{"name":["rabbitmq","redis"]}}}
{"timestamp":"2016-11-16T15:03:11.008812-0500","level":"warn","message":"loaded extension","type":"filter","name":"occurrences","description":"filter events using event occurrences"}
{"timestamp":"2016-11-16T15:03:11.008866-0500","level":"warn","message":"loaded extension","type":"mutator","name":"ruby_hash","description":"returns ruby hash event data"}
{"timestamp":"2016-11-16T15:03:11.008890-0500","level":"warn","message":"loaded extension","type":"mutator","name":"json","description":"returns JSON formatted event data"}
{"timestamp":"2016-11-16T15:03:11.008913-0500","level":"warn","message":"loaded extension","type":"mutator","name":"only_check_output","description":"returns check output"}
{"timestamp":"2016-11-16T15:03:11.008936-0500","level":"warn","message":"loaded extension","type":"handler","name":"debug","description":"returns raw event data"}
{"timestamp":"2016-11-16T15:03:11.008986-0500","level":"info","message":"configuring sensu spawn","settings":{"limit":12}}
{"timestamp":"2016-11-16T15:03:41.032170-0500","level":"info","message":"i am now the leader"}
{"timestamp":"2016-11-16T15:04:11.031613-0500","level":"info","message":"determining stale clients"}
{"timestamp":"2016-11-16T15:04:11.031867-0500","level":"info","message":"determining stale check results"}
{"timestamp":"2016-11-16T15:04:41.031846-0500","level":"info","message":"determining stale clients"}
{"timestamp":"2016-11-16T15:04:41.032502-0500","level":"info","message":"determining stale check results"}
{"timestamp":"2016-11-16T15:05:11.032231-0500","level":"info","message":"determining stale clients"}
{"timestamp":"2016-11-16T15:05:11.032441-0500","level":"info","message":"determining stale check results"}
{"timestamp":"2016-11-16T15:05:41.031796-0500","level":"info","message":"determining stale clients"}
{"timestamp":"2016-11-16T15:05:41.032220-0500","level":"info","message":"determining stale check results"}
{"timestamp":"2016-11-16T15:06:11.031623-0500","level":"info","message":"determining stale clients"}
{"timestamp":"2016-11-16T15:06:11.031951-0500","level":"info","message":"determining stale check results"}
{"timestamp":"2016-11-16T15:06:41.032086-0500","level":"info","message":"determining stale clients"}
{"timestamp":"2016-11-16T15:06:41.032410-0500","level":"info","message":"determining stale check results"}
{"timestamp":"2016-11-16T15:07:11.032649-0500","level":"info","message":"determining stale clients"}
{"timestamp":"2016-11-16T15:07:11.032930-0500","level":"info","message":"determining stale check results"}
{"timestamp":"2016-11-16T15:07:41.033141-0500","level":"info","message":"determining stale clients"}
{"timestamp":"2016-11-16T15:07:41.033844-0500","level":"info","message":"determining stale check results"}
{"timestamp":"2016-11-16T15:08:11.034084-0500","level":"info","message":"determining stale clients"}
{"timestamp":"2016-11-16T15:08:11.034813-0500","level":"info","message":"determining stale check results"}
{"timestamp":"2016-11-16T15:08:41.034700-0500","level":"info","message":"determining stale clients"}
{"timestamp":"2016-11-16T15:08:41.035295-0500","level":"info","message":"determining stale check results"}
{"timestamp":"2016-11-16T15:09:11.035488-0500","level":"info","message":"determining stale clients"}
{"timestamp":"2016-11-16T15:09:11.036099-0500","level":"info","message":"determining stale check results"}
{"timestamp":"2016-11-16T15:09:41.036329-0500","level":"info","message":"determining stale clients"}
{"timestamp":"2016-11-16T15:09:41.036573-0500","level":"info","message":"determining stale check results"}
{"timestamp":"2016-11-16T15:10:11.036034-0500","level":"info","message":"determining stale clients"}
{"timestamp":"2016-11-16T15:10:11.036294-0500","level":"info","message":"determining stale check results"}
{"timestamp":"2016-11-16T15:10:41.036549-0500","level":"info","message":"determining stale clients"}
{"timestamp":"2016-11-16T15:10:41.037140-0500","level":"info","message":"determining stale check results"}
{"timestamp":"2016-11-16T15:11:11.036427-0500","level":"info","message":"determining stale clients"}
{"timestamp":"2016-11-16T15:11:11.037086-0500","level":"info","message":"determining stale check results"}
{"timestamp":"2016-11-16T15:11:41.036650-0500","level":"info","message":"determining stale clients"}
{"timestamp":"2016-11-16T15:11:41.037262-0500","level":"info","message":"determining stale check results"}
{"timestamp":"2016-11-16T15:12:11.037286-0500","level":"info","message":"determining stale clients"}
{"timestamp":"2016-11-16T15:12:11.037522-0500","level":"info","message":"determining stale check results"}
{"timestamp":"2016-11-16T15:12:41.037771-0500","level":"info","message":"determining stale clients"}
{"timestamp":"2016-11-16T15:12:41.038011-0500","level":"info","message":"determining stale check results"}
{"timestamp":"2016-11-16T15:13:11.038126-0500","level":"info","message":"determining stale clients"}
{"timestamp":"2016-11-16T15:13:11.038420-0500","level":"info","message":"determining stale check results"}
{"timestamp":"2016-11-16T15:13:41.037709-0500","level":"info","message":"determining stale clients"}
{"timestamp":"2016-11-16T15:13:41.037982-0500","level":"info","message":"determining stale check results"}
{"timestamp":"2016-11-16T15:14:11.038094-0500","level":"info","message":"determining stale clients"}
{"timestamp":"2016-11-16T15:14:11.038319-0500","level":"info","message":"determining stale check results"}
{"timestamp":"2016-11-16T15:14:41.037948-0500","level":"info","message":"determining stale clients"}
{"timestamp":"2016-11-16T15:14:41.038173-0500","level":"info","message":"determining stale check results"}
{"timestamp":"2016-11-16T15:15:11.119772-0500","level":"warn","message":"loading config files from directory","directory":"./etc/sensu/conf.d"}
{"timestamp":"2016-11-16T15:15:11.119843-0500","level":"warn","message":"loading config file","file":"./etc/sensu/conf.d/api.json"}
{"timestamp":"2016-11-16T15:15:11.119886-0500","level":"warn","message":"loading config file","file":"./etc/sensu/conf.d/client.json"}
{"timestamp":"2016-11-16T15:15:11.119922-0500","level":"warn","message":"config file applied changes","file":"./etc/sensu/conf.d/client.json","changes":{"client":[null,{"name":"macosx","address":"127.0.0.1","environment":"development","subscriptions":["dev","macosx"],"socket":{"bind":"127.0.0.1","port":3030}}]}}
{"timestamp":"2016-11-16T15:15:11.119949-0500","level":"warn","message":"loading config file","file":"./etc/sensu/conf.d/redis.json"}
{"timestamp":"2016-11-16T15:15:11.119977-0500","level":"warn","message":"config file applied changes","file":"./etc/sensu/conf.d/redis.json","changes":{"redis":[null,{"host":"127.0.0.1","port":6379}]}}
{"timestamp":"2016-11-16T15:15:11.119999-0500","level":"warn","message":"loading config file","file":"./etc/sensu/conf.d/transport.json"}
{"timestamp":"2016-11-16T15:15:11.120030-0500","level":"warn","message":"config file applied changes","file":"./etc/sensu/conf.d/transport.json","changes":{"transport":{"name":["rabbitmq","redis"]}}}
{"timestamp":"2016-11-16T15:15:11.126779-0500","level":"warn","message":"loaded extension","type":"filter","name":"occurrences","description":"filter events using event occurrences"}
{"timestamp":"2016-11-16T15:15:11.126845-0500","level":"warn","message":"loaded extension","type":"mutator","name":"json","description":"returns JSON formatted event data"}
{"timestamp":"2016-11-16T15:15:11.126878-0500","level":"warn","message":"loaded extension","type":"mutator","name":"only_check_output","description":"returns check output"}
{"timestamp":"2016-11-16T15:15:11.126921-0500","level":"warn","message":"loaded extension","type":"mutator","name":"ruby_hash","description":"returns ruby hash event data"}
{"timestamp":"2016-11-16T15:15:11.126961-0500","level":"warn","message":"loaded extension","type":"handler","name":"debug","description":"returns raw event data"}
{"timestamp":"2016-11-16T15:15:11.127022-0500","level":"info","message":"configuring sensu spawn","settings":{"limit":12}}
{"timestamp":"2016-11-16T15:15:11.132806-0500","level":"fatal","message":"could not write to pid file","pid_file":"./pids/sensu-server.pid"}
{"timestamp":"2016-11-16T15:15:11.133061-0500","level":"fatal","message":"SENSU NOT RUNNING!"}
{"timestamp":"2016-11-16T15:15:42.080425-0500","level":"warn","message":"loading config files from directory","directory":"./etc/sensu/conf.d"}
{"timestamp":"2016-11-16T15:15:42.080741-0500","level":"warn","message":"loading config file","file":"./etc/sensu/conf.d/api.json"}
{"timestamp":"2016-11-16T15:15:42.080803-0500","level":"warn","message":"loading config file","file":"./etc/sensu/conf.d/client.json"}
{"timestamp":"2016-11-16T15:15:42.080840-0500","level":"warn","message":"config file applied changes","file":"./etc/sensu/conf.d/client.json","changes":{"client":[null,{"name":"macosx","address":"127.0.0.1","environment":"development","subscriptions":["dev","macosx"],"socket":{"bind":"127.0.0.1","port":3030}}]}}
{"timestamp":"2016-11-16T15:15:42.080868-0500","level":"warn","message":"loading config file","file":"./etc/sensu/conf.d/redis.json"}
{"timestamp":"2016-11-16T15:15:42.080899-0500","level":"warn","message":"config file applied changes","file":"./etc/sensu/conf.d/redis.json","changes":{"redis":[null,{"host":"127.0.0.1","port":6379}]}}
{"timestamp":"2016-11-16T15:15:42.080922-0500","level":"warn","message":"loading config file","file":"./etc/sensu/conf.d/transport.json"}
{"timestamp":"2016-11-16T15:15:42.080968-0500","level":"warn","message":"config file applied changes","file":"./etc/sensu/conf.d/transport.json","changes":{"transport":{"name":["rabbitmq","redis"]}}}
{"timestamp":"2016-11-16T15:15:42.087345-0500","level":"warn","message":"loaded extension","type":"filter","name":"occurrences","description":"filter events using event occurrences"}
{"timestamp":"2016-11-16T15:15:42.087402-0500","level":"warn","message":"loaded extension","type":"mutator","name":"only_check_output","description":"returns check output"}
{"timestamp":"2016-11-16T15:15:42.087427-0500","level":"warn","message":"loaded extension","type":"mutator","name":"ruby_hash","description":"returns ruby hash event data"}
{"timestamp":"2016-11-16T15:15:42.087459-0500","level":"warn","message":"loaded extension","type":"mutator","name":"json","description":"returns JSON formatted event data"}
{"timestamp":"2016-11-16T15:15:42.087491-0500","level":"warn","message":"loaded extension","type":"handler","name":"debug","description":"returns raw event data"}
{"timestamp":"2016-11-16T15:15:42.087554-0500","level":"info","message":"configuring sensu spawn","settings":{"limit":12}}
{"timestamp":"2016-11-16T15:15:42.087637-0500","level":"fatal","message":"could not write to pid file","pid_file":"./pids/sensu-server.pid"}
{"timestamp":"2016-11-16T15:15:42.087658-0500","level":"fatal","message":"SENSU NOT RUNNING!"}
{"timestamp":"2016-11-16T15:17:23.811025-0500","level":"warn","message":"loading config files from directory","directory":"./etc/sensu/conf.d"}
{"timestamp":"2016-11-16T15:17:23.811452-0500","level":"warn","message":"loading config file","file":"./etc/sensu/conf.d/api.json"}
{"timestamp":"2016-11-16T15:17:23.811499-0500","level":"warn","message":"loading config file","file":"./etc/sensu/conf.d/client.json"}
{"timestamp":"2016-11-16T15:17:23.811576-0500","level":"warn","message":"config file applied changes","file":"./etc/sensu/conf.d/client.json","changes":{"client":[null,{"name":"macosx","address":"127.0.0.1","environment":"development","subscriptions":["dev","macosx"],"socket":{"bind":"127.0.0.1","port":3030}}]}}
{"timestamp":"2016-11-16T15:17:23.811618-0500","level":"warn","message":"loading config file","file":"./etc/sensu/conf.d/redis.json"}
{"timestamp":"2016-11-16T15:17:23.811666-0500","level":"warn","message":"config file applied changes","file":"./etc/sensu/conf.d/redis.json","changes":{"redis":[null,{"host":"127.0.0.1","port":6379}]}}
{"timestamp":"2016-11-16T15:17:23.811688-0500","level":"warn","message":"loading config file","file":"./etc/sensu/conf.d/transport.json"}
{"timestamp":"2016-11-16T15:17:23.811714-0500","level":"warn","message":"config file applied changes","file":"./etc/sensu/conf.d/transport.json","changes":{"transport":{"name":["rabbitmq","redis"]}}}
{"timestamp":"2016-11-16T15:17:23.817978-0500","level":"warn","message":"loaded extension","type":"filter","name":"occurrences","description":"filter events using event occurrences"}
{"timestamp":"2016-11-16T15:17:23.818024-0500","level":"warn","message":"loaded extension","type":"mutator","name":"only_check_output","description":"returns check output"}
{"timestamp":"2016-11-16T15:17:23.818047-0500","level":"warn","message":"loaded extension","type":"mutator","name":"ruby_hash","description":"returns ruby hash event data"}
{"timestamp":"2016-11-16T15:17:23.818069-0500","level":"warn","message":"loaded extension","type":"mutator","name":"json","description":"returns JSON formatted event data"}
{"timestamp":"2016-11-16T15:17:23.818091-0500","level":"warn","message":"loaded extension","type":"handler","name":"debug","description":"returns raw event data"}
{"timestamp":"2016-11-16T15:17:23.818137-0500","level":"info","message":"configuring sensu spawn","settings":{"limit":12}}
{"timestamp":"2016-11-16T15:17:23.824242-0500","level":"fatal","message":"could not write to pid file","pid_file":"./pids/sensu-server.pid"}
{"timestamp":"2016-11-16T15:17:23.824712-0500","level":"fatal","message":"SENSU NOT RUNNING!"}
{"timestamp":"2016-11-16T15:18:10.413354-0500","level":"warn","message":"loading config files from directory","directory":"./etc/sensu/conf.d"}
{"timestamp":"2016-11-16T15:18:10.414848-0500","level":"warn","message":"loading config file","file":"./etc/sensu/conf.d/api.json"}
{"timestamp":"2016-11-16T15:18:10.414892-0500","level":"warn","message":"loading config file","file":"./etc/sensu/conf.d/client.json"}
{"timestamp":"2016-11-16T15:18:10.414928-0500","level":"warn","message":"config file applied changes","file":"./etc/sensu/conf.d/client.json","changes":{"client":[null,{"name":"macosx","address":"127.0.0.1","environment":"development","subscriptions":["dev","macosx"],"socket":{"bind":"127.0.0.1","port":3030}}]}}
{"timestamp":"2016-11-16T15:18:10.414975-0500","level":"warn","message":"loading config file","file":"./etc/sensu/conf.d/redis.json"}
{"timestamp":"2016-11-16T15:18:10.415002-0500","level":"warn","message":"config file applied changes","file":"./etc/sensu/conf.d/redis.json","changes":{"redis":[null,{"host":"127.0.0.1","port":6379}]}}
{"timestamp":"2016-11-16T15:18:10.415024-0500","level":"warn","message":"loading config file","file":"./etc/sensu/conf.d/transport.json"}
{"timestamp":"2016-11-16T15:18:10.415049-0500","level":"warn","message":"config file applied changes","file":"./etc/sensu/conf.d/transport.json","changes":{"transport":{"name":["rabbitmq","redis"]}}}
{"timestamp":"2016-11-16T15:18:10.421390-0500","level":"warn","message":"loaded extension","type":"filter","name":"occurrences","description":"filter events using event occurrences"}
{"timestamp":"2016-11-16T15:18:10.421461-0500","level":"warn","message":"loaded extension","type":"mutator","name":"ruby_hash","description":"returns ruby hash event data"}
{"timestamp":"2016-11-16T15:18:10.421486-0500","level":"warn","message":"loaded extension","type":"mutator","name":"json","description":"returns JSON formatted event data"}
{"timestamp":"2016-11-16T15:18:10.421509-0500","level":"warn","message":"loaded extension","type":"mutator","name":"only_check_output","description":"returns check output"}
{"timestamp":"2016-11-16T15:18:10.421531-0500","level":"warn","message":"loaded extension","type":"handler","name":"debug","description":"returns raw event data"}
{"timestamp":"2016-11-16T15:18:10.421587-0500","level":"info","message":"configuring sensu spawn","settings":{"limit":12}}
{"timestamp":"2016-11-16T15:18:10.427606-0500","level":"fatal","message":"could not write to pid file","pid_file":"./pids/sensu-server.pid"}
{"timestamp":"2016-11-16T15:18:10.427858-0500","level":"fatal","message":"SENSU NOT RUNNING!"}
{"timestamp":"2016-11-16T15:20:00.758997-0500","level":"warn","message":"loading config files from directory","directory":"./etc/sensu/conf.d"}
{"timestamp":"2016-11-16T15:20:00.759350-0500","level":"warn","message":"loading config file","file":"./etc/sensu/conf.d/api.json"}
{"timestamp":"2016-11-16T15:20:00.759385-0500","level":"warn","message":"loading config file","file":"./etc/sensu/conf.d/client.json"}
{"timestamp":"2016-11-16T15:20:00.759434-0500","level":"warn","message":"config file applied changes","file":"./etc/sensu/conf.d/client.json","changes":{"client":[null,{"name":"macosx","address":"127.0.0.1","environment":"development","subscriptions":["dev","macosx"],"socket":{"bind":"127.0.0.1","port":3030}}]}}
{"timestamp":"2016-11-16T15:20:00.759466-0500","level":"warn","message":"loading config file","file":"./etc/sensu/conf.d/redis.json"}
{"timestamp":"2016-11-16T15:20:00.759497-0500","level":"warn","message":"config file applied changes","file":"./etc/sensu/conf.d/redis.json","changes":{"redis":[null,{"host":"127.0.0.1","port":6379}]}}
{"timestamp":"2016-11-16T15:20:00.759522-0500","level":"warn","message":"loading config file","file":"./etc/sensu/conf.d/transport.json"}
{"timestamp":"2016-11-16T15:20:00.759551-0500","level":"warn","message":"config file applied changes","file":"./etc/sensu/conf.d/transport.json","changes":{"transport":{"name":["rabbitmq","redis"]}}}
{"timestamp":"2016-11-16T15:20:00.767937-0500","level":"warn","message":"loaded extension","type":"filter","name":"occurrences","description":"filter events using event occurrences"}
{"timestamp":"2016-11-16T15:20:00.768033-0500","level":"warn","message":"loaded extension","type":"mutator","name":"ruby_hash","description":"returns ruby hash event data"}
{"timestamp":"2016-11-16T15:20:00.768073-0500","level":"warn","message":"loaded extension","type":"mutator","name":"json","description":"returns JSON formatted event data"}
{"timestamp":"2016-11-16T15:20:00.768111-0500","level":"warn","message":"loaded extension","type":"mutator","name":"only_check_output","description":"returns check output"}
{"timestamp":"2016-11-16T15:20:00.768152-0500","level":"warn","message":"loaded extension","type":"handler","name":"debug","description":"returns raw event data"}
{"timestamp":"2016-11-16T15:20:00.768220-0500","level":"info","message":"configuring sensu spawn","settings":{"limit":12}}
{"timestamp":"2016-11-16T15:20:30.793492-0500","level":"info","message":"i am now the leader"}
{"timestamp":"2016-11-16T15:21:00.793116-0500","level":"info","message":"determining stale clients"}
{"timestamp":"2016-11-16T15:21:00.793321-0500","level":"info","message":"determining stale check results"}
{"timestamp":"2016-11-16T15:21:30.793128-0500","level":"info","message":"determining stale clients"}
{"timestamp":"2016-11-16T15:21:30.793346-0500","level":"info","message":"determining stale check results"}
{"timestamp":"2016-11-16T15:22:00.793546-0500","level":"info","message":"determining stale clients"}
{"timestamp":"2016-11-16T15:22:00.794359-0500","level":"info","message":"determining stale check results"}
{"timestamp":"2016-11-16T15:22:30.793768-0500","level":"info","message":"determining stale clients"}
{"timestamp":"2016-11-16T15:22:30.794029-0500","level":"info","message":"determining stale check results"}
{"timestamp":"2016-11-16T15:23:00.793811-0500","level":"info","message":"determining stale clients"}
{"timestamp":"2016-11-16T15:23:00.794155-0500","level":"info","message":"determining stale check results"}
{"timestamp":"2016-11-16T15:23:30.794334-0500","level":"info","message":"determining stale clients"}
{"timestamp":"2016-11-16T15:23:30.796038-0500","level":"info","message":"determining stale check results"}
{"timestamp":"2016-11-16T15:24:00.796287-0500","level":"info","message":"determining stale clients"}
{"timestamp":"2016-11-16T15:24:00.796556-0500","level":"info","message":"determining stale check results"}
{"timestamp":"2016-11-16T15:24:30.796616-0500","level":"info","message":"determining stale clients"}
{"timestamp":"2016-11-16T15:24:30.796943-0500","level":"info","message":"determining stale check results"}
{"timestamp":"2016-11-16T15:25:00.797134-0500","level":"info","message":"determining stale clients"}
{"timestamp":"2016-11-16T15:25:00.797467-0500","level":"info","message":"determining stale check results"}
{"timestamp":"2016-11-16T15:25:30.797074-0500","level":"info","message":"determining stale clients"}
{"timestamp":"2016-11-16T15:25:30.797322-0500","level":"info","message":"determining stale check results"}
{"timestamp":"2016-11-16T15:26:00.797101-0500","level":"info","message":"determining stale clients"}
{"timestamp":"2016-11-16T15:26:00.797322-0500","level":"info","message":"determining stale check results"}
{"timestamp":"2016-11-16T15:26:30.797563-0500","level":"info","message":"determining stale clients"}
{"timestamp":"2016-11-16T15:26:30.797792-0500","level":"info","message":"determining stale check results"}
{"timestamp":"2016-11-16T15:27:00.798062-0500","level":"info","message":"determining stale clients"}
{"timestamp":"2016-11-16T15:27:00.798305-0500","level":"info","message":"determining stale check results"}
{"timestamp":"2016-11-16T15:27:30.798510-0500","level":"info","message":"determining stale clients"}
{"timestamp":"2016-11-16T15:27:30.798808-0500","level":"info","message":"determining stale check results"}
{"timestamp":"2016-11-16T15:28:00.798967-0500","level":"info","message":"determining stale clients"}
{"timestamp":"2016-11-16T15:28:00.799297-0500","level":"info","message":"determining stale check results"}
{"timestamp":"2016-11-16T15:28:30.798655-0500","level":"info","message":"determining stale clients"}
{"timestamp":"2016-11-16T15:28:30.798914-0500","level":"info","message":"determining stale check results"}
{"timestamp":"2016-11-16T15:29:00.798182-0500","level":"info","message":"determining stale clients"}
{"timestamp":"2016-11-16T15:29:00.798468-0500","level":"info","message":"determining stale check results"}
{"timestamp":"2016-11-16T15:29:30.798632-0500","level":"info","message":"determining stale clients"}
{"timestamp":"2016-11-16T15:29:30.798921-0500","level":"info","message":"determining stale check results"}
{"timestamp":"2016-11-16T15:30:00.799174-0500","level":"info","message":"determining stale clients"}
{"timestamp":"2016-11-16T15:30:00.799434-0500","level":"info","message":"determining stale check results"}
{"timestamp":"2016-11-16T15:30:30.799168-0500","level":"info","message":"determining stale clients"}
{"timestamp":"2016-11-16T15:30:30.799420-0500","level":"info","message":"determining stale check results"}
{"timestamp":"2016-11-16T15:31:00.798773-0500","level":"info","message":"determining stale clients"}
{"timestamp":"2016-11-16T15:31:00.799134-0500","level":"info","message":"determining stale check results"}
{"timestamp":"2016-11-16T15:31:30.799309-0500","level":"info","message":"determining stale clients"}
{"timestamp":"2016-11-16T15:31:30.799580-0500","level":"info","message":"determining stale check results"}
{"timestamp":"2016-11-16T15:32:00.798996-0500","level":"info","message":"determining stale clients"}
{"timestamp":"2016-11-16T15:32:00.799331-0500","level":"info","message":"determining stale check results"}
{"timestamp":"2016-11-16T15:32:30.799586-0500","level":"info","message":"determining stale clients"}
{"timestamp":"2016-11-16T15:32:30.801278-0500","level":"info","message":"determining stale check results"}
{"timestamp":"2016-11-16T15:33:00.801511-0500","level":"info","message":"determining stale clients"}
{"timestamp":"2016-11-16T15:33:00.801762-0500","level":"info","message":"determining stale check results"}
{"timestamp":"2016-11-16T15:33:30.802015-0500","level":"info","message":"determining stale clients"}
{"timestamp":"2016-11-16T15:33:30.803689-0500","level":"info","message":"determining stale check results"}
{"timestamp":"2016-11-16T15:34:00.803594-0500","level":"info","message":"determining stale clients"}
{"timestamp":"2016-11-16T15:34:00.803880-0500","level":"info","message":"determining stale check results"}
{"timestamp":"2016-11-16T15:34:30.804089-0500","level":"info","message":"determining stale clients"}
{"timestamp":"2016-11-16T15:34:30.805774-0500","level":"info","message":"determining stale check results"}
{"timestamp":"2016-11-16T15:35:00.805931-0500","level":"info","message":"determining stale clients"}
{"timestamp":"2016-11-16T15:35:00.806209-0500","level":"info","message":"determining stale check results"}
{"timestamp":"2016-11-16T15:35:30.806380-0500","level":"info","message":"determining stale clients"}
{"timestamp":"2016-11-16T15:35:30.806654-0500","level":"info","message":"determining stale check results"}
{"timestamp":"2016-11-16T15:36:00.806903-0500","level":"info","message":"determining stale clients"}
{"timestamp":"2016-11-16T15:36:00.807190-0500","level":"info","message":"determining stale check results"}
{"timestamp":"2016-11-16T15:36:30.807415-0500","level":"info","message":"determining stale clients"}
{"timestamp":"2016-11-16T15:36:30.807687-0500","level":"info","message":"determining stale check results"}
{"timestamp":"2016-11-16T15:37:00.807018-0500","level":"info","message":"determining stale clients"}
{"timestamp":"2016-11-16T15:37:00.807239-0500","level":"info","message":"determining stale check results"}
{"timestamp":"2016-11-16T15:37:30.807501-0500","level":"info","message":"determining stale clients"}
{"timestamp":"2016-11-16T15:37:30.807770-0500","level":"info","message":"determining stale check results"}
{"timestamp":"2016-11-16T15:38:00.808005-0500","level":"info","message":"determining stale clients"}
{"timestamp":"2016-11-16T15:38:00.808235-0500","level":"info","message":"determining stale check results"}
{"timestamp":"2016-11-16T15:38:30.808470-0500","level":"info","message":"determining stale clients"}
{"timestamp":"2016-11-16T15:38:30.808806-0500","level":"info","message":"determining stale check results"}
{"timestamp":"2016-11-16T15:39:00.809021-0500","level":"info","message":"determining stale clients"}
{"timestamp":"2016-11-16T15:39:00.809327-0500","level":"info","message":"determining stale check results"}
{"timestamp":"2016-11-16T15:39:30.808640-0500","level":"info","message":"determining stale clients"}
{"timestamp":"2016-11-16T15:39:30.809020-0500","level":"info","message":"determining stale check results"}
{"timestamp":"2016-11-16T15:40:00.808323-0500","level":"info","message":"determining stale clients"}
{"timestamp":"2016-11-16T15:40:00.808656-0500","level":"info","message":"determining stale check results"}
{"timestamp":"2016-11-16T15:40:30.807825-0500","level":"info","message":"determining stale clients"}
{"timestamp":"2016-11-16T15:40:30.808110-0500","level":"info","message":"determining stale check results"}
{"timestamp":"2016-11-16T15:41:00.808304-0500","level":"info","message":"determining stale clients"}
{"timestamp":"2016-11-16T15:41:00.808562-0500","level":"info","message":"determining stale check results"}
{"timestamp":"2016-11-16T15:41:30.808806-0500","level":"info","message":"determining stale clients"}
{"timestamp":"2016-11-16T15:41:30.809070-0500","level":"info","message":"determining stale check results"}
{"timestamp":"2016-11-16T15:42:00.809228-0500","level":"info","message":"determining stale clients"}
{"timestamp":"2016-11-16T15:42:00.809495-0500","level":"info","message":"determining stale check results"}
{"timestamp":"2016-11-16T15:42:30.809676-0500","level":"info","message":"determining stale clients"}
{"timestamp":"2016-11-16T15:42:30.810100-0500","level":"info","message":"determining stale check results"}
{"timestamp":"2016-11-16T15:43:00.809819-0500","level":"info","message":"determining stale clients"}
{"timestamp":"2016-11-16T15:43:00.810060-0500","level":"info","message":"determining stale check results"}
{"timestamp":"2016-11-16T15:43:30.809427-0500","level":"info","message":"determining stale clients"}
{"timestamp":"2016-11-16T15:43:30.811092-0500","level":"info","message":"determining stale check results"}
{"timestamp":"2016-11-16T15:44:00.811065-0500","level":"info","message":"determining stale clients"}
{"timestamp":"2016-11-16T15:44:00.811282-0500","level":"info","message":"determining stale check results"}
{"timestamp":"2016-11-16T15:44:30.811466-0500","level":"info","message":"determining stale clients"}
{"timestamp":"2016-11-16T15:44:30.811693-0500","level":"info","message":"determining stale check results"}
{"timestamp":"2016-11-16T15:45:00.811384-0500","level":"info","message":"determining stale clients"}
{"timestamp":"2016-11-16T15:45:00.811634-0500","level":"info","message":"determining stale check results"}
{"timestamp":"2016-11-16T15:45:30.811866-0500","level":"info","message":"determining stale clients"}
{"timestamp":"2016-11-16T15:45:30.813476-0500","level":"info","message":"determining stale check results"}
{"timestamp":"2016-11-16T15:46:00.813685-0500","level":"info","message":"determining stale clients"}
{"timestamp":"2016-11-16T15:46:00.815338-0500","level":"info","message":"determining stale check results"}
{"timestamp":"2016-11-16T15:46:30.815184-0500","level":"info","message":"determining stale clients"}
{"timestamp":"2016-11-16T15:46:30.816850-0500","level":"info","message":"determining stale check results"}
{"timestamp":"2016-11-16T15:47:00.816631-0500","level":"info","message":"determining stale clients"}
{"timestamp":"2016-11-16T15:47:00.816858-0500","level":"info","message":"determining stale check results"}
{"timestamp":"2016-11-16T15:47:30.816498-0500","level":"info","message":"determining stale clients"}
{"timestamp":"2016-11-16T15:47:30.818330-0500","level":"info","message":"determining stale check results"}
{"timestamp":"2016-11-16T15:48:00.818174-0500","level":"info","message":"determining stale clients"}
{"timestamp":"2016-11-16T15:48:00.819789-0500","level":"info","message":"determining stale check results"}
{"timestamp":"2016-11-16T15:48:30.819968-0500","level":"info","message":"determining stale clients"}
{"timestamp":"2016-11-16T15:48:30.820279-0500","level":"info","message":"determining stale check results"}
{"timestamp":"2016-11-16T15:49:00.819920-0500","level":"info","message":"determining stale clients"}
{"timestamp":"2016-11-16T15:49:00.820232-0500","level":"info","message":"determining stale check results"}
{"timestamp":"2016-11-16T15:49:30.819991-0500","level":"info","message":"determining stale clients"}
{"timestamp":"2016-11-16T15:49:30.820250-0500","level":"info","message":"determining stale check results"}
{"timestamp":"2016-11-16T15:50:00.819634-0500","level":"info","message":"determining stale clients"}
{"timestamp":"2016-11-16T15:50:00.821326-0500","level":"info","message":"determining stale check results"}
{"timestamp":"2016-11-16T15:50:30.821490-0500","level":"info","message":"determining stale clients"}
{"timestamp":"2016-11-16T15:50:30.821720-0500","level":"info","message":"determining stale check results"}
{"timestamp":"2016-11-16T15:51:00.821021-0500","level":"info","message":"determining stale clients"}
{"timestamp":"2016-11-16T15:51:00.821762-0500","level":"info","message":"determining stale check results"}
{"timestamp":"2016-11-16T15:51:30.821815-0500","level":"info","message":"determining stale clients"}
{"timestamp":"2016-11-16T15:51:30.824142-0500","level":"info","message":"determining stale check results"}
{"timestamp":"2016-11-16T15:52:00.823491-0500","level":"info","message":"determining stale clients"}
{"timestamp":"2016-11-16T15:52:00.823828-0500","level":"info","message":"determining stale check results"}
{"timestamp":"2016-11-16T15:52:30.823593-0500","level":"info","message":"determining stale clients"}
{"timestamp":"2016-11-16T15:52:30.823868-0500","level":"info","message":"determining stale check results"}
{"timestamp":"2016-11-16T15:53:00.824053-0500","level":"info","message":"determining stale clients"}
{"timestamp":"2016-11-16T15:53:00.824685-0500","level":"info","message":"determining stale check results"}
{"timestamp":"2016-11-16T15:53:30.823965-0500","level":"info","message":"determining stale clients"}
{"timestamp":"2016-11-16T15:53:30.825657-0500","level":"info","message":"determining stale check results"}
{"timestamp":"2016-11-16T15:54:00.825398-0500","level":"info","message":"determining stale clients"}
{"timestamp":"2016-11-16T15:54:00.825647-0500","level":"info","message":"determining stale check results"}
{"timestamp":"2016-11-16T15:54:30.825050-0500","level":"info","message":"determining stale clients"}
{"timestamp":"2016-11-16T15:54:30.825285-0500","level":"info","message":"determining stale check results"}
{"timestamp":"2016-11-16T15:55:00.825564-0500","level":"info","message":"determining stale clients"}
{"timestamp":"2016-11-16T15:55:00.827265-0500","level":"info","message":"determining stale check results"}
{"timestamp":"2016-11-16T15:55:30.827431-0500","level":"info","message":"determining stale clients"}
{"timestamp":"2016-11-16T15:55:30.827687-0500","level":"info","message":"determining stale check results"}
{"timestamp":"2016-11-16T15:56:00.827872-0500","level":"info","message":"determining stale clients"}
{"timestamp":"2016-11-16T15:56:00.829616-0500","level":"info","message":"determining stale check results"}
{"timestamp":"2016-11-16T15:56:30.829248-0500","level":"info","message":"determining stale clients"}
{"timestamp":"2016-11-16T15:56:30.829736-0500","level":"info","message":"determining stale check results"}
{"timestamp":"2016-11-16T15:57:00.829985-0500","level":"info","message":"determining stale clients"}
{"timestamp":"2016-11-16T15:57:00.831674-0500","level":"info","message":"determining stale check results"}
{"timestamp":"2016-11-16T15:57:30.830946-0500","level":"info","message":"determining stale clients"}
{"timestamp":"2016-11-16T15:57:30.831347-0500","level":"info","message":"determining stale check results"}
{"timestamp":"2016-11-16T15:58:00.830531-0500","level":"info","message":"determining stale clients"}
{"timestamp":"2016-11-16T15:58:00.830873-0500","level":"info","message":"determining stale check results"}
{"timestamp":"2016-11-16T15:58:30.830415-0500","level":"info","message":"determining stale clients"}
{"timestamp":"2016-11-16T15:58:30.830837-0500","level":"info","message":"determining stale check results"}
{"timestamp":"2016-11-16T15:59:00.830280-0500","level":"info","message":"determining stale clients"}
{"timestamp":"2016-11-16T15:59:00.831787-0500","level":"info","message":"determining stale check results"}
