{"timestamp":"2016-11-16T15:01:17.041956-0500","level":"warn","message":"loading config files from directory","directory":"/etc/sensu/conf.d"}
{"timestamp":"2016-11-16T15:01:17.042042-0500","level":"warn","message":"loading config file","file":"/etc/sensu/conf.d/api.json"}
{"timestamp":"2016-11-16T15:01:17.042067-0500","level":"warn","message":"loading config file","file":"/etc/sensu/conf.d/client.json"}
{"timestamp":"2016-11-16T15:01:17.042114-0500","level":"warn","message":"config file applied changes","file":"/etc/sensu/conf.d/client.json","changes":{"client":[null,{"name":"macosx","address":"127.0.0.1","environment":"development","subscriptions":["dev","macosx"],"socket":{"bind":"127.0.0.1","port":3030}}]}}
{"timestamp":"2016-11-16T15:01:17.042141-0500","level":"warn","message":"loading config file","file":"/etc/sensu/conf.d/redis.json"}
{"timestamp":"2016-11-16T15:01:17.042189-0500","level":"warn","message":"config file applied changes","file":"/etc/sensu/conf.d/redis.json","changes":{"redis":[null,{"host":"127.0.0.1","port":6379}]}}
{"timestamp":"2016-11-16T15:01:17.042211-0500","level":"warn","message":"loading config file","file":"/etc/sensu/conf.d/transport.json"}
{"timestamp":"2016-11-16T15:01:17.042236-0500","level":"warn","message":"config file applied changes","file":"/etc/sensu/conf.d/transport.json","changes":{"transport":{"name":["rabbitmq","redis"]}}}
{"timestamp":"2016-11-16T15:01:17.048908-0500","level":"warn","message":"loaded extension","type":"filter","name":"occurrences","description":"filter events using event occurrences"}
{"timestamp":"2016-11-16T15:01:17.048981-0500","level":"warn","message":"loaded extension","type":"mutator","name":"only_check_output","description":"returns check output"}
{"timestamp":"2016-11-16T15:01:17.049014-0500","level":"warn","message":"loaded extension","type":"mutator","name":"ruby_hash","description":"returns ruby hash event data"}
{"timestamp":"2016-11-16T15:01:17.049037-0500","level":"warn","message":"loaded extension","type":"mutator","name":"json","description":"returns JSON formatted event data"}
{"timestamp":"2016-11-16T15:01:17.049059-0500","level":"warn","message":"loaded extension","type":"handler","name":"debug","description":"returns raw event data"}
{"timestamp":"2016-11-16T15:01:17.049110-0500","level":"info","message":"configuring sensu spawn","settings":{"limit":12}}
{"timestamp":"2016-11-16T15:01:19.061598-0500","level":"info","message":"i am now the leader"}
{"timestamp":"2016-11-16T15:01:49.065526-0500","level":"info","message":"determining stale clients"}
{"timestamp":"2016-11-16T15:01:49.065728-0500","level":"info","message":"determining stale check results"}
{"timestamp":"2016-11-16T15:02:19.069685-0500","level":"info","message":"determining stale clients"}
{"timestamp":"2016-11-16T15:02:19.069844-0500","level":"info","message":"determining stale check results"}
{"timestamp":"2016-11-16T15:02:49.072256-0500","level":"info","message":"determining stale clients"}
{"timestamp":"2016-11-16T15:02:49.072409-0500","level":"info","message":"determining stale check results"}
